c:\users\owner\desktop\programming stuff\cse387projectonesosanma\cse387lab\release\vc140.pdb
c:\users\owner\desktop\programming stuff\cse387projectonesosanma\cse387lab\release\visibleobject.obj
c:\users\owner\desktop\programming stuff\cse387projectonesosanma\cse387lab\release\sphere.obj
c:\users\owner\desktop\programming stuff\cse387projectonesosanma\cse387lab\release\sharedprojectionandviewing.obj
c:\users\owner\desktop\programming stuff\cse387projectonesosanma\cse387lab\release\sharedmaterialproperties.obj
c:\users\owner\desktop\programming stuff\cse387projectonesosanma\cse387lab\release\sharedlightproperties.obj
c:\users\owner\desktop\programming stuff\cse387projectonesosanma\cse387lab\release\myscene.obj
c:\users\owner\desktop\programming stuff\cse387projectonesosanma\cse387lab\release\buildshader.obj
c:\users\owner\desktop\programming stuff\cse387projectonesosanma\cse387lab\release\lab.obj
c:\users\owner\desktop\programming stuff\cse387projectonesosanma\cse387lab\release\cube.obj
c:\users\owner\desktop\programming stuff\cse387projectonesosanma\cse387lab\release\bitmap_class.obj
c:\users\owner\desktop\programming stuff\cse387projectonesosanma\cse387lab\release\basicincludesanddefines.obj
c:\users\owner\desktop\programming stuff\cse387projectonesosanma\release\cse387lab.exe
c:\users\owner\desktop\programming stuff\cse387projectonesosanma\release\cse387lab.ipdb
c:\users\owner\desktop\programming stuff\cse387projectonesosanma\release\cse387lab.iobj
c:\users\owner\desktop\programming stuff\cse387projectonesosanma\release\cse387lab.pdb
c:\users\owner\desktop\programming stuff\cse387projectonesosanma\cse387lab\release\cse387lab.tlog\cl.command.1.tlog
c:\users\owner\desktop\programming stuff\cse387projectonesosanma\cse387lab\release\cse387lab.tlog\cl.read.1.tlog
c:\users\owner\desktop\programming stuff\cse387projectonesosanma\cse387lab\release\cse387lab.tlog\cl.write.1.tlog
c:\users\owner\desktop\programming stuff\cse387projectonesosanma\cse387lab\release\cse387lab.tlog\link.command.1.tlog
c:\users\owner\desktop\programming stuff\cse387projectonesosanma\cse387lab\release\cse387lab.tlog\link.read.1.tlog
c:\users\owner\desktop\programming stuff\cse387projectonesosanma\cse387lab\release\cse387lab.tlog\link.write.1.tlog
